[2016-09-17 10:49:33] MicroCMS.INFO: Matched route "admin". {"route_parameters":{"_controller":"[object] (Closure: {})","_route":"admin"},"request_uri":"http://microcms/admin"} []
[2016-09-17 10:49:33] MicroCMS.INFO: > GET /admin [] []
[2016-09-17 10:49:33] MicroCMS.INFO: < 200 [] []
[2016-09-17 10:49:34] MicroCMS.INFO: Matched route "_wdt". {"route_parameters":{"_controller":"web_profiler.controller.profiler:toolbarAction","token":"ebb324","_route":"_wdt"},"request_uri":"http://microcms/_profiler/wdt/ebb324"} []
[2016-09-17 10:49:34] MicroCMS.INFO: > GET /_profiler/wdt/ebb324 [] []
[2016-09-17 10:49:34] MicroCMS.INFO: < 200 [] []
[2016-09-17 10:49:56] MicroCMS.INFO: Matched route "_profiler". {"route_parameters":{"_controller":"web_profiler.controller.profiler:panelAction","token":"ebb324","_route":"_profiler"},"request_uri":"http://microcms/_profiler/ebb324?panel=request"} []
[2016-09-17 10:49:56] MicroCMS.INFO: > GET /_profiler/ebb324?panel=request [] []
[2016-09-17 10:49:57] MicroCMS.INFO: Matched route "_profiler_search_bar". {"route_parameters":{"_controller":"web_profiler.controller.profiler:searchBarAction","_route":"_profiler_search_bar"},"request_uri":"http://microcms/_profiler/search_bar?panel=request"} []
[2016-09-17 10:49:57] MicroCMS.INFO: < 200 [] []
[2016-09-17 10:50:09] MicroCMS.INFO: Matched route "_profiler". {"route_parameters":{"_controller":"web_profiler.controller.profiler:panelAction","token":"ebb324","_route":"_profiler"},"request_uri":"http://microcms/_profiler/ebb324?panel=logger"} []
[2016-09-17 10:50:09] MicroCMS.INFO: > GET /_profiler/ebb324?panel=logger [] []
[2016-09-17 10:50:09] MicroCMS.INFO: Matched route "_profiler_search_bar". {"route_parameters":{"_controller":"web_profiler.controller.profiler:searchBarAction","_route":"_profiler_search_bar"},"request_uri":"http://microcms/_profiler/search_bar?panel=logger"} []
[2016-09-17 10:50:09] MicroCMS.INFO: < 200 [] []
[2016-09-17 10:52:34] MicroCMS.INFO: Matched route "_profiler". {"route_parameters":{"_controller":"web_profiler.controller.profiler:panelAction","token":"ebb324","_route":"_profiler"},"request_uri":"http://microcms/_profiler/ebb324?panel=twig"} []
[2016-09-17 10:52:34] MicroCMS.INFO: > GET /_profiler/ebb324?panel=twig [] []
[2016-09-17 10:52:35] MicroCMS.INFO: Matched route "_profiler_search_bar". {"route_parameters":{"_controller":"web_profiler.controller.profiler:searchBarAction","_route":"_profiler_search_bar"},"request_uri":"http://microcms/_profiler/search_bar?panel=twig"} []
[2016-09-17 10:52:35] MicroCMS.INFO: < 200 [] []
[2016-09-17 10:52:39] MicroCMS.INFO: Matched route "_profiler". {"route_parameters":{"_controller":"web_profiler.controller.profiler:panelAction","token":"ebb324","_route":"_profiler"},"request_uri":"http://microcms/_profiler/ebb324?panel=time"} []
[2016-09-17 10:52:39] MicroCMS.INFO: > GET /_profiler/ebb324?panel=time [] []
[2016-09-17 10:52:40] MicroCMS.INFO: Matched route "_profiler_search_bar". {"route_parameters":{"_controller":"web_profiler.controller.profiler:searchBarAction","_route":"_profiler_search_bar"},"request_uri":"http://microcms/_profiler/search_bar?panel=time"} []
[2016-09-17 10:52:40] MicroCMS.INFO: < 200 [] []
[2016-09-17 10:59:29] MicroCMS.ERROR: Symfony\Component\HttpKernel\Exception\NotFoundHttpException: No route found for "GET /dummy" (uncaught exception) at /Users/raphaeltastet/Sites/microcms/vendor/symfony/http-kernel/EventListener/RouterListener.php line 176 {"exception":"[object] (Symfony\\Component\\HttpKernel\\Exception\\NotFoundHttpException(code: 0): No route found for \"GET /dummy\" at /Users/raphaeltastet/Sites/microcms/vendor/symfony/http-kernel/EventListener/RouterListener.php:176, Symfony\\Component\\Routing\\Exception\\ResourceNotFoundException(code: 0): No routes found for \"/dummy\". at /Users/raphaeltastet/Sites/microcms/vendor/symfony/routing/Matcher/UrlMatcher.php:98)"} []
[2016-09-17 10:59:29] MicroCMS.INFO: < 404 [] []
[2016-09-17 10:59:30] MicroCMS.INFO: Matched route "_wdt". {"route_parameters":{"_controller":"web_profiler.controller.profiler:toolbarAction","token":"89b655","_route":"_wdt"},"request_uri":"http://microcms/_profiler/wdt/89b655"} []
[2016-09-17 10:59:30] MicroCMS.INFO: > GET /_profiler/wdt/89b655 [] []
[2016-09-17 10:59:31] MicroCMS.INFO: < 200 [] []
[2016-09-17 11:28:17] MicroCMS.INFO: Matched route "home". {"route_parameters":{"_controller":"MicroCMS\\Controller\\HomeController::indexAction","_route":"home"},"request_uri":"http://localhost/"} []
[2016-09-17 11:28:17] MicroCMS.INFO: Populated the TokenStorage with an anonymous Token. [] []
[2016-09-17 11:28:17] MicroCMS.INFO: > GET / [] []
[2016-09-17 11:28:17] MicroCMS.INFO: < 200 [] []
[2016-09-17 11:28:17] MicroCMS.INFO: Matched route "article". {"route_parameters":{"_controller":"MicroCMS\\Controller\\HomeController::articleAction","id":"1","_route":"article"},"request_uri":"http://localhost/article/1"} []
[2016-09-17 11:28:17] MicroCMS.INFO: Populated the TokenStorage with an anonymous Token. [] []
[2016-09-17 11:28:17] MicroCMS.INFO: > GET /article/1 [] []
[2016-09-17 11:28:17] MicroCMS.INFO: < 200 [] []
[2016-09-17 11:28:17] MicroCMS.INFO: Matched route "login". {"route_parameters":{"_controller":"MicroCMS\\Controller\\HomeController::loginAction","_route":"login"},"request_uri":"http://localhost/login"} []
[2016-09-17 11:28:17] MicroCMS.INFO: Populated the TokenStorage with an anonymous Token. [] []
[2016-09-17 11:28:17] MicroCMS.INFO: > GET /login [] []
[2016-09-17 11:28:17] MicroCMS.INFO: < 200 [] []
[2016-09-17 11:28:17] MicroCMS.INFO: Matched route "admin". {"route_parameters":{"_controller":"MicroCMS\\Controller\\AdminController::indexAction","_route":"admin"},"request_uri":"http://localhost/admin"} []
[2016-09-17 11:28:17] MicroCMS.INFO: Populated the TokenStorage with an anonymous Token. [] []
[2016-09-17 11:28:17] MicroCMS.INFO: > GET /admin [] []
[2016-09-17 11:28:17] MicroCMS.INFO: < 200 [] []
[2016-09-17 11:28:17] MicroCMS.INFO: Matched route "admin_article_add". {"route_parameters":{"_controller":"MicroCMS\\Controller\\AdminController::addArticleAction","_route":"admin_article_add"},"request_uri":"http://localhost/admin/article/add"} []
[2016-09-17 11:28:17] MicroCMS.INFO: Populated the TokenStorage with an anonymous Token. [] []
[2016-09-17 11:28:17] MicroCMS.INFO: > GET /admin/article/add [] []
[2016-09-17 11:28:17] MicroCMS.INFO: < 200 [] []
[2016-09-17 11:28:17] MicroCMS.INFO: Matched route "admin_article_edit". {"route_parameters":{"_controller":"MicroCMS\\Controller\\AdminController::editArticleAction","id":"1","_route":"admin_article_edit"},"request_uri":"http://localhost/admin/article/1/edit"} []
[2016-09-17 11:28:17] MicroCMS.INFO: Populated the TokenStorage with an anonymous Token. [] []
[2016-09-17 11:28:17] MicroCMS.INFO: > GET /admin/article/1/edit [] []
[2016-09-17 11:28:17] MicroCMS.INFO: < 200 [] []
[2016-09-17 11:28:17] MicroCMS.INFO: Matched route "admin_comment_edit". {"route_parameters":{"_controller":"MicroCMS\\Controller\\AdminController::editCommentAction","id":"1","_route":"admin_comment_edit"},"request_uri":"http://localhost/admin/comment/1/edit"} []
[2016-09-17 11:28:17] MicroCMS.INFO: Populated the TokenStorage with an anonymous Token. [] []
[2016-09-17 11:28:17] MicroCMS.INFO: > GET /admin/comment/1/edit [] []
[2016-09-17 11:28:17] MicroCMS.INFO: < 200 [] []
[2016-09-17 11:28:17] MicroCMS.INFO: Matched route "admin_user_add". {"route_parameters":{"_controller":"MicroCMS\\Controller\\AdminController::addUserAction","_route":"admin_user_add"},"request_uri":"http://localhost/admin/user/add"} []
[2016-09-17 11:28:17] MicroCMS.INFO: Populated the TokenStorage with an anonymous Token. [] []
[2016-09-17 11:28:17] MicroCMS.INFO: > GET /admin/user/add [] []
[2016-09-17 11:28:17] MicroCMS.INFO: < 200 [] []
[2016-09-17 11:28:17] MicroCMS.INFO: Matched route "admin_user_edit". {"route_parameters":{"_controller":"MicroCMS\\Controller\\AdminController::editUserAction","id":"1","_route":"admin_user_edit"},"request_uri":"http://localhost/admin/user/1/edit"} []
[2016-09-17 11:28:17] MicroCMS.INFO: Populated the TokenStorage with an anonymous Token. [] []
[2016-09-17 11:28:17] MicroCMS.INFO: > GET /admin/user/1/edit [] []
[2016-09-17 11:28:17] MicroCMS.INFO: < 200 [] []
[2016-09-17 13:26:03] MicroCMS.ERROR: Symfony\Component\HttpKernel\Exception\NotFoundHttpException: No route found for "GET /dummy" (uncaught exception) at /Users/raphaeltastet/Sites/microcms/vendor/symfony/http-kernel/EventListener/RouterListener.php line 176 {"exception":"[object] (Symfony\\Component\\HttpKernel\\Exception\\NotFoundHttpException(code: 0): No route found for \"GET /dummy\" at /Users/raphaeltastet/Sites/microcms/vendor/symfony/http-kernel/EventListener/RouterListener.php:176, Symfony\\Component\\Routing\\Exception\\ResourceNotFoundException(code: 0): No routes found for \"/dummy\". at /Users/raphaeltastet/Sites/microcms/vendor/symfony/routing/Matcher/UrlMatcher.php:98)"} []
[2016-09-17 13:26:03] MicroCMS.INFO: < 404 [] []
[2016-09-17 13:26:03] MicroCMS.INFO: Matched route "_wdt". {"route_parameters":{"_controller":"web_profiler.controller.profiler:toolbarAction","token":"c1fed1","_route":"_wdt"},"request_uri":"http://microcms/_profiler/wdt/c1fed1"} []
[2016-09-17 13:26:03] MicroCMS.INFO: > GET /_profiler/wdt/c1fed1 [] []
[2016-09-17 13:26:06] MicroCMS.INFO: < 200 [] []
[2016-09-20 09:22:23] MicroCMS.ERROR: Symfony\Component\HttpKernel\Exception\NotFoundHttpException: No route found for "GET /dummy" (uncaught exception) at /Users/raphaeltastet/Sites/microcms/vendor/symfony/http-kernel/EventListener/RouterListener.php line 176 {"exception":"[object] (Symfony\\Component\\HttpKernel\\Exception\\NotFoundHttpException(code: 0): No route found for \"GET /dummy\" at /Users/raphaeltastet/Sites/microcms/vendor/symfony/http-kernel/EventListener/RouterListener.php:176, Symfony\\Component\\Routing\\Exception\\ResourceNotFoundException(code: 0): No routes found for \"/dummy\". at /Users/raphaeltastet/Sites/microcms/vendor/symfony/routing/Matcher/UrlMatcher.php:98)"} []
[2016-09-20 09:22:24] MicroCMS.INFO: < 404 [] []
[2016-09-20 09:22:25] MicroCMS.INFO: Matched route "_wdt". {"route_parameters":{"_controller":"web_profiler.controller.profiler:toolbarAction","token":"1a33f4","_route":"_wdt"},"request_uri":"http://microcms/_profiler/wdt/1a33f4"} []
[2016-09-20 09:22:25] MicroCMS.INFO: > GET /_profiler/wdt/1a33f4 [] []
[2016-09-20 09:22:27] MicroCMS.INFO: < 200 [] []
[2016-10-09 12:21:38] MicroCMS.INFO: Matched route "home". {"route_parameters":{"_controller":"MicroCMS\\Controller\\HomeController::indexAction","_route":"home"},"request_uri":"http://microcms/"} []
[2016-10-09 12:21:38] MicroCMS.INFO: > GET / [] []
[2016-10-09 12:21:39] MicroCMS.INFO: < 200 [] []
[2016-10-09 12:21:39] MicroCMS.INFO: Matched route "_wdt". {"route_parameters":{"_controller":"web_profiler.controller.profiler:toolbarAction","token":"714f01","_route":"_wdt"},"request_uri":"http://microcms/_profiler/wdt/714f01"} []
[2016-10-09 12:21:39] MicroCMS.INFO: > GET /_profiler/wdt/714f01 [] []
[2016-10-09 12:21:40] MicroCMS.INFO: < 200 [] []
[2016-10-09 12:22:19] MicroCMS.ERROR: Symfony\Component\HttpKernel\Exception\NotFoundHttpException: No route found for "GET /" (uncaught exception) at /Users/raphaeltastet/Sites/microcms/vendor/symfony/http-kernel/EventListener/RouterListener.php line 176 {"exception":"[object] (Symfony\\Component\\HttpKernel\\Exception\\NotFoundHttpException(code: 0): No route found for \"GET /\" at /Users/raphaeltastet/Sites/microcms/vendor/symfony/http-kernel/EventListener/RouterListener.php:176, Symfony\\Component\\Routing\\Exception\\ResourceNotFoundException(code: 0): No routes found for \"/\". at /Users/raphaeltastet/Sites/microcms/vendor/symfony/routing/Matcher/UrlMatcher.php:98)"} []
[2016-10-09 12:22:19] MicroCMS.INFO: < 404 [] []
[2016-10-09 12:22:19] MicroCMS.INFO: Matched route "_wdt". {"route_parameters":{"_controller":"web_profiler.controller.profiler:toolbarAction","token":"9d4fee","_route":"_wdt"},"request_uri":"http://microcms/_profiler/wdt/9d4fee"} []
[2016-10-09 12:22:19] MicroCMS.INFO: > GET /_profiler/wdt/9d4fee [] []
[2016-10-09 12:22:20] MicroCMS.INFO: < 200 [] []
[2016-10-09 12:22:25] MicroCMS.INFO: Matched route "home". {"route_parameters":{"_controller":"MicroCMS\\Controller\\HomeController::indexAction","_route":"home"},"request_uri":"http://microcms/kiki"} []
[2016-10-09 12:22:25] MicroCMS.INFO: > GET /kiki [] []
[2016-10-09 12:22:25] MicroCMS.INFO: < 200 [] []
[2016-10-09 12:22:25] MicroCMS.INFO: Matched route "_wdt". {"route_parameters":{"_controller":"web_profiler.controller.profiler:toolbarAction","token":"768ea6","_route":"_wdt"},"request_uri":"http://microcms/_profiler/wdt/768ea6"} []
[2016-10-09 12:22:25] MicroCMS.INFO: > GET /_profiler/wdt/768ea6 [] []
[2016-10-09 12:22:26] MicroCMS.INFO: < 200 [] []
[2016-10-09 12:22:48] MicroCMS.ERROR: Symfony\Component\HttpKernel\Exception\NotFoundHttpException: No route found for "GET /kiki" (uncaught exception) at /Users/raphaeltastet/Sites/microcms/vendor/symfony/http-kernel/EventListener/RouterListener.php line 176 {"exception":"[object] (Symfony\\Component\\HttpKernel\\Exception\\NotFoundHttpException(code: 0): No route found for \"GET /kiki\" at /Users/raphaeltastet/Sites/microcms/vendor/symfony/http-kernel/EventListener/RouterListener.php:176, Symfony\\Component\\Routing\\Exception\\ResourceNotFoundException(code: 0): No routes found for \"/kiki\". at /Users/raphaeltastet/Sites/microcms/vendor/symfony/routing/Matcher/UrlMatcher.php:98)"} []
[2016-10-09 12:22:48] MicroCMS.INFO: < 404 [] []
[2016-10-09 12:22:49] MicroCMS.INFO: Matched route "_wdt". {"route_parameters":{"_controller":"web_profiler.controller.profiler:toolbarAction","token":"de43d5","_route":"_wdt"},"request_uri":"http://microcms/_profiler/wdt/de43d5"} []
[2016-10-09 12:22:49] MicroCMS.INFO: > GET /_profiler/wdt/de43d5 [] []
[2016-10-09 12:22:50] MicroCMS.INFO: < 200 [] []
[2016-10-09 12:22:56] MicroCMS.ERROR: Symfony\Component\HttpKernel\Exception\NotFoundHttpException: No route found for "GET /kiki" (uncaught exception) at /Users/raphaeltastet/Sites/microcms/vendor/symfony/http-kernel/EventListener/RouterListener.php line 176 {"exception":"[object] (Symfony\\Component\\HttpKernel\\Exception\\NotFoundHttpException(code: 0): No route found for \"GET /kiki\" at /Users/raphaeltastet/Sites/microcms/vendor/symfony/http-kernel/EventListener/RouterListener.php:176, Symfony\\Component\\Routing\\Exception\\ResourceNotFoundException(code: 0): No routes found for \"/kiki\". at /Users/raphaeltastet/Sites/microcms/vendor/symfony/routing/Matcher/UrlMatcher.php:98)"} []
[2016-10-09 12:22:56] MicroCMS.INFO: < 404 [] []
[2016-10-09 12:22:56] MicroCMS.INFO: Matched route "_wdt". {"route_parameters":{"_controller":"web_profiler.controller.profiler:toolbarAction","token":"751132","_route":"_wdt"},"request_uri":"http://microcms/_profiler/wdt/751132"} []
[2016-10-09 12:22:56] MicroCMS.INFO: > GET /_profiler/wdt/751132 [] []
[2016-10-09 12:22:57] MicroCMS.INFO: < 200 [] []
[2016-10-09 12:23:03] MicroCMS.INFO: Matched route "home". {"route_parameters":{"_controller":"MicroCMS\\Controller\\HomeController::indexAction","_route":"home"},"request_uri":"http://microcms/"} []
[2016-10-09 12:23:03] MicroCMS.INFO: > GET / [] []
[2016-10-09 12:23:03] MicroCMS.INFO: < 200 [] []
[2016-10-09 12:23:03] MicroCMS.INFO: Matched route "_wdt". {"route_parameters":{"_controller":"web_profiler.controller.profiler:toolbarAction","token":"2cfa70","_route":"_wdt"},"request_uri":"http://microcms/_profiler/wdt/2cfa70"} []
[2016-10-09 12:23:03] MicroCMS.INFO: > GET /_profiler/wdt/2cfa70 [] []
[2016-10-09 12:23:04] MicroCMS.INFO: < 200 [] []
[2016-10-09 12:23:15] MicroCMS.INFO: Matched route "home". {"route_parameters":{"_controller":"MicroCMS\rrr\\Controller\\HomeController::indexAction","_route":"home"},"request_uri":"http://microcms/"} []
[2016-10-09 12:23:15] MicroCMS.INFO: > GET / [] []
[2016-10-09 12:23:15] MicroCMS.CRITICAL: InvalidArgumentException: Class "MicroCMS rr\Controller\HomeController" does not exist. (uncaught exception) at /Users/raphaeltastet/Sites/microcms/vendor/symfony/http-kernel/Controller/ControllerResolver.php line 151 {"exception":"[object] (InvalidArgumentException(code: 0): Class \"MicroCMS\rrr\\Controller\\HomeController\" does not exist. at /Users/raphaeltastet/Sites/microcms/vendor/symfony/http-kernel/Controller/ControllerResolver.php:151)"} []
[2016-10-09 12:23:15] MicroCMS.INFO: < 500 [] []
[2016-10-09 12:23:15] MicroCMS.INFO: Matched route "_wdt". {"route_parameters":{"_controller":"web_profiler.controller.profiler:toolbarAction","token":"18be10","_route":"_wdt"},"request_uri":"http://microcms/_profiler/wdt/18be10"} []
[2016-10-09 12:23:15] MicroCMS.INFO: > GET /_profiler/wdt/18be10 [] []
[2016-10-09 12:23:16] MicroCMS.INFO: < 200 [] []
[2016-10-09 12:23:26] MicroCMS.INFO: Matched route "home". {"route_parameters":{"_controller":"MicroCMS\\Controller\\HomeController::indexAction","_route":"home"},"request_uri":"http://microcms/"} []
[2016-10-09 12:23:26] MicroCMS.INFO: > GET / [] []
[2016-10-09 12:23:26] MicroCMS.INFO: < 200 [] []
[2016-10-09 12:23:26] MicroCMS.INFO: Matched route "_wdt". {"route_parameters":{"_controller":"web_profiler.controller.profiler:toolbarAction","token":"327e4f","_route":"_wdt"},"request_uri":"http://microcms/_profiler/wdt/327e4f"} []
[2016-10-09 12:23:26] MicroCMS.INFO: > GET /_profiler/wdt/327e4f [] []
[2016-10-09 12:23:27] MicroCMS.INFO: < 200 [] []
[2016-10-09 12:55:21] MicroCMS.INFO: Matched route "home". {"route_parameters":{"_controller":"MicroCMS\\Controller\\HomeController::indexAction","_route":"home"},"request_uri":"http://microcms/"} []
[2016-10-09 12:55:21] MicroCMS.INFO: > GET / [] []
[2016-10-09 12:55:21] MicroCMS.INFO: < 200 [] []
[2016-10-09 12:55:22] MicroCMS.INFO: Matched route "_wdt". {"route_parameters":{"_controller":"web_profiler.controller.profiler:toolbarAction","token":"78ff16","_route":"_wdt"},"request_uri":"http://microcms/_profiler/wdt/78ff16"} []
[2016-10-09 12:55:22] MicroCMS.INFO: > GET /_profiler/wdt/78ff16 [] []
[2016-10-09 12:55:23] MicroCMS.INFO: < 200 [] []
[2016-10-09 12:58:21] MicroCMS.INFO: Matched route "home". {"route_parameters":{"_controller":"MicroCMS\\Controller\\HomeController::indexAction","_route":"home"},"request_uri":"http://microcms/"} []
[2016-10-09 12:58:21] MicroCMS.INFO: > GET / [] []
[2016-10-09 12:58:21] MicroCMS.INFO: < 200 [] []
[2016-10-09 12:58:22] MicroCMS.INFO: Matched route "_wdt". {"route_parameters":{"_controller":"web_profiler.controller.profiler:toolbarAction","token":"4eb0ca","_route":"_wdt"},"request_uri":"http://microcms/_profiler/wdt/4eb0ca"} []
[2016-10-09 12:58:22] MicroCMS.INFO: > GET /_profiler/wdt/4eb0ca [] []
[2016-10-09 12:58:22] MicroCMS.INFO: < 200 [] []
[2016-10-09 13:18:26] MicroCMS.INFO: Matched route "home". {"route_parameters":{"_controller":"MicroCMS\\Controller\\HomeController::indexAction","_route":"home"},"request_uri":"http://microcms/"} []
[2016-10-09 13:18:26] MicroCMS.INFO: > GET / [] []
[2016-10-09 13:18:26] MicroCMS.INFO: < 200 [] []
[2016-10-09 13:18:26] MicroCMS.INFO: Matched route "home". {"route_parameters":{"_controller":"MicroCMS\\Controller\\HomeController::indexAction","_route":"home"},"request_uri":"http://microcms/"} []
[2016-10-09 13:18:26] MicroCMS.INFO: > GET / [] []
[2016-10-09 13:18:26] MicroCMS.INFO: < 200 [] []
[2016-10-09 13:18:27] MicroCMS.INFO: Matched route "_wdt". {"route_parameters":{"_controller":"web_profiler.controller.profiler:toolbarAction","token":"470686","_route":"_wdt"},"request_uri":"http://microcms/_profiler/wdt/470686"} []
[2016-10-09 13:18:27] MicroCMS.INFO: > GET /_profiler/wdt/470686 [] []
[2016-10-09 13:18:27] MicroCMS.INFO: < 200 [] []
[2016-10-09 13:23:58] MicroCMS.INFO: Matched route "home". {"route_parameters":{"_controller":"MicroCMS\\Controller\\HomeController::indexAction","_route":"home"},"request_uri":"http://microcms/"} []
[2016-10-09 13:23:58] MicroCMS.INFO: > GET / [] []
[2016-10-09 13:23:58] MicroCMS.INFO: < 200 [] []
[2016-10-09 13:23:58] MicroCMS.INFO: Matched route "_wdt". {"route_parameters":{"_controller":"web_profiler.controller.profiler:toolbarAction","token":"ebb37a","_route":"_wdt"},"request_uri":"http://microcms/_profiler/wdt/ebb37a"} []
[2016-10-09 13:23:58] MicroCMS.INFO: > GET /_profiler/wdt/ebb37a [] []
[2016-10-09 13:23:59] MicroCMS.INFO: < 200 [] []
[2016-10-09 13:27:16] MicroCMS.INFO: Matched route "home". {"route_parameters":{"_controller":"MicroCMS\\Controller\\HomeController::indexAction","_route":"home"},"request_uri":"http://microcms/"} []
[2016-10-09 13:27:16] MicroCMS.INFO: > GET / [] []
[2016-10-09 13:27:16] MicroCMS.INFO: < 200 [] []
[2016-10-09 13:27:17] MicroCMS.INFO: Matched route "home". {"route_parameters":{"_controller":"MicroCMS\\Controller\\HomeController::indexAction","_route":"home"},"request_uri":"http://microcms/"} []
[2016-10-09 13:27:17] MicroCMS.INFO: > GET / [] []
[2016-10-09 13:27:17] MicroCMS.INFO: < 200 [] []
[2016-10-09 13:27:17] MicroCMS.INFO: Matched route "_wdt". {"route_parameters":{"_controller":"web_profiler.controller.profiler:toolbarAction","token":"35f28f","_route":"_wdt"},"request_uri":"http://microcms/_profiler/wdt/35f28f"} []
[2016-10-09 13:27:17] MicroCMS.INFO: > GET /_profiler/wdt/35f28f [] []
[2016-10-09 13:27:18] MicroCMS.INFO: < 200 [] []
[2016-10-10 08:23:26] MicroCMS.ERROR: Symfony\Component\HttpKernel\Exception\NotFoundHttpException: No route found for "GET /dummy" (uncaught exception) at /Users/raphaeltastet/Sites/microcms/vendor/symfony/http-kernel/EventListener/RouterListener.php line 176 {"exception":"[object] (Symfony\\Component\\HttpKernel\\Exception\\NotFoundHttpException(code: 0): No route found for \"GET /dummy\" at /Users/raphaeltastet/Sites/microcms/vendor/symfony/http-kernel/EventListener/RouterListener.php:176, Symfony\\Component\\Routing\\Exception\\ResourceNotFoundException(code: 0): No routes found for \"/dummy\". at /Users/raphaeltastet/Sites/microcms/vendor/symfony/routing/Matcher/UrlMatcher.php:98)"} []
[2016-10-10 08:23:26] MicroCMS.INFO: < 404 [] []
[2016-10-10 08:23:27] MicroCMS.INFO: Matched route "_wdt". {"route_parameters":{"_controller":"web_profiler.controller.profiler:toolbarAction","token":"8ceb2d","_route":"_wdt"},"request_uri":"http://microcms/_profiler/wdt/8ceb2d"} []
[2016-10-10 08:23:27] MicroCMS.INFO: > GET /_profiler/wdt/8ceb2d [] []
[2016-10-10 08:23:27] MicroCMS.INFO: < 200 [] []
[2016-10-11 13:12:32] MicroCMS.ERROR: Symfony\Component\HttpKernel\Exception\NotFoundHttpException: No route found for "GET /dummy" (uncaught exception) at /Users/raphaeltastet/Sites/microcms/vendor/symfony/http-kernel/EventListener/RouterListener.php line 176 {"exception":"[object] (Symfony\\Component\\HttpKernel\\Exception\\NotFoundHttpException(code: 0): No route found for \"GET /dummy\" at /Users/raphaeltastet/Sites/microcms/vendor/symfony/http-kernel/EventListener/RouterListener.php:176, Symfony\\Component\\Routing\\Exception\\ResourceNotFoundException(code: 0): No routes found for \"/dummy\". at /Users/raphaeltastet/Sites/microcms/vendor/symfony/routing/Matcher/UrlMatcher.php:98)"} []
[2016-10-11 13:12:32] MicroCMS.INFO: < 404 [] []
[2016-10-11 13:12:33] MicroCMS.INFO: Matched route "_wdt". {"route_parameters":{"_controller":"web_profiler.controller.profiler:toolbarAction","token":"caf2d9","_route":"_wdt"},"request_uri":"http://microcms/_profiler/wdt/caf2d9"} []
[2016-10-11 13:12:33] MicroCMS.INFO: > GET /_profiler/wdt/caf2d9 [] []
[2016-10-11 13:12:38] MicroCMS.INFO: < 200 [] []
[2016-10-12 21:45:41] MicroCMS.ERROR: Symfony\Component\HttpKernel\Exception\NotFoundHttpException: No route found for "GET /dummy" (uncaught exception) at /Users/raphaeltastet/Sites/microcms/vendor/symfony/http-kernel/EventListener/RouterListener.php line 176 {"exception":"[object] (Symfony\\Component\\HttpKernel\\Exception\\NotFoundHttpException(code: 0): No route found for \"GET /dummy\" at /Users/raphaeltastet/Sites/microcms/vendor/symfony/http-kernel/EventListener/RouterListener.php:176, Symfony\\Component\\Routing\\Exception\\ResourceNotFoundException(code: 0): No routes found for \"/dummy\". at /Users/raphaeltastet/Sites/microcms/vendor/symfony/routing/Matcher/UrlMatcher.php:98)"} []
[2016-10-12 21:45:41] MicroCMS.INFO: < 404 [] []
[2016-10-12 21:45:42] MicroCMS.INFO: Matched route "_wdt". {"route_parameters":{"_controller":"web_profiler.controller.profiler:toolbarAction","token":"f551e9","_route":"_wdt"},"request_uri":"http://microcms/_profiler/wdt/f551e9"} []
[2016-10-12 21:45:42] MicroCMS.INFO: > GET /_profiler/wdt/f551e9 [] []
[2016-10-12 21:45:46] MicroCMS.INFO: < 200 [] []
[2016-10-13 17:46:36] MicroCMS.ERROR: Symfony\Component\HttpKernel\Exception\NotFoundHttpException: No route found for "GET /dummy" (uncaught exception) at /Users/raphaeltastet/Sites/microcms/vendor/symfony/http-kernel/EventListener/RouterListener.php line 176 {"exception":"[object] (Symfony\\Component\\HttpKernel\\Exception\\NotFoundHttpException(code: 0): No route found for \"GET /dummy\" at /Users/raphaeltastet/Sites/microcms/vendor/symfony/http-kernel/EventListener/RouterListener.php:176, Symfony\\Component\\Routing\\Exception\\ResourceNotFoundException(code: 0): No routes found for \"/dummy\". at /Users/raphaeltastet/Sites/microcms/vendor/symfony/routing/Matcher/UrlMatcher.php:98)"} []
[2016-10-13 17:46:36] MicroCMS.INFO: < 404 [] []
[2016-10-13 17:46:37] MicroCMS.INFO: Matched route "_wdt". {"route_parameters":{"_controller":"web_profiler.controller.profiler:toolbarAction","token":"b9ad0a","_route":"_wdt"},"request_uri":"http://microcms/_profiler/wdt/b9ad0a"} []
[2016-10-13 17:46:37] MicroCMS.INFO: > GET /_profiler/wdt/b9ad0a [] []
[2016-10-13 17:46:42] MicroCMS.INFO: < 200 [] []
